tess_v5/OCRTest_editable/build/intermediates/proguard-rules/release/aapt_rules.txt
# Generated by the gradle plugin
-keep class edu.sfsu.cs.orange.ocr.CaptureActivity { <init>(...); }
-keep class edu.sfsu.cs.orange.ocr.HelpActivity { <init>(...); }
-keep class edu.sfsu.cs.orange.ocr.PreferencesActivity { <init>(...); }
-keep class edu.sfsu.cs.orange.ocr.ViewfinderView { <init>(...); }
-keep class edu.sfsu.cs.orange.ocr.camera.ShutterButton { <init>(...); }