tess_v5/OCRTest_editable/build/outputs/mapping/release/seeds.txt
edu.sfsu.cs.orange.ocr.BeepManager
edu.sfsu.cs.orange.ocr.BeepManager: BeepManager(android.app.Activity)
edu.sfsu.cs.orange.ocr.BeepManager: void updatePrefs()
edu.sfsu.cs.orange.ocr.BeepManager: void playBeepSoundAndVibrate()
edu.sfsu.cs.orange.ocr.BuildConfig
edu.sfsu.cs.orange.ocr.BuildConfig: boolean DEBUG
edu.sfsu.cs.orange.ocr.BuildConfig: java.lang.String APPLICATION_ID
edu.sfsu.cs.orange.ocr.BuildConfig: java.lang.String BUILD_TYPE
edu.sfsu.cs.orange.ocr.BuildConfig: java.lang.String FLAVOR
edu.sfsu.cs.orange.ocr.BuildConfig: int VERSION_CODE
edu.sfsu.cs.orange.ocr.BuildConfig: java.lang.String VERSION_NAME
edu.sfsu.cs.orange.ocr.BuildConfig: BuildConfig()
edu.sfsu.cs.orange.ocr.CaptureActivity
edu.sfsu.cs.orange.ocr.CaptureActivity: java.lang.String DEFAULT_SOURCE_LANGUAGE_CODE
edu.sfsu.cs.orange.ocr.CaptureActivity: java.lang.String DEFAULT_TARGET_LANGUAGE_CODE
edu.sfsu.cs.orange.ocr.CaptureActivity: java.lang.String DEFAULT_TRANSLATOR
edu.sfsu.cs.orange.ocr.CaptureActivity: java.lang.String DEFAULT_OCR_ENGINE_MODE
edu.sfsu.cs.orange.ocr.CaptureActivity: java.lang.String DEFAULT_PAGE_SEGMENTATION_MODE
edu.sfsu.cs.orange.ocr.CaptureActivity: boolean DEFAULT_TOGGLE_AUTO_FOCUS
edu.sfsu.cs.orange.ocr.CaptureActivity: boolean DEFAULT_DISABLE_CONTINUOUS_FOCUS
edu.sfsu.cs.orange.ocr.CaptureActivity: boolean DEFAULT_TOGGLE_BEEP
edu.sfsu.cs.orange.ocr.CaptureActivity: boolean DEFAULT_TOGGLE_CONTINUOUS
edu.sfsu.cs.orange.ocr.CaptureActivity: boolean DEFAULT_TOGGLE_REVERSED_IMAGE
edu.sfsu.cs.orange.ocr.CaptureActivity: boolean DEFAULT_TOGGLE_TRANSLATION
edu.sfsu.cs.orange.ocr.CaptureActivity: boolean DEFAULT_TOGGLE_LIGHT
edu.sfsu.cs.orange.ocr.CaptureActivity: CaptureActivity()
edu.sfsu.cs.orange.ocr.CaptureActivity: void onCreate(android.os.Bundle)
edu.sfsu.cs.orange.ocr.CaptureActivity: void onResume()
edu.sfsu.cs.orange.ocr.CaptureActivity: void surfaceCreated(android.view.SurfaceHolder)
edu.sfsu.cs.orange.ocr.CaptureActivity: void onPause()
edu.sfsu.cs.orange.ocr.CaptureActivity: void onDestroy()
edu.sfsu.cs.orange.ocr.CaptureActivity: boolean onKeyDown(int,android.view.KeyEvent)
edu.sfsu.cs.orange.ocr.CaptureActivityHandler$State: edu.sfsu.cs.orange.ocr.CaptureActivityHandler$State[] values()
edu.sfsu.cs.orange.ocr.CaptureActivityHandler$State: edu.sfsu.cs.orange.ocr.CaptureActivityHandler$State valueOf(java.lang.String)
edu.sfsu.cs.orange.ocr.HelpActivity
edu.sfsu.cs.orange.ocr.HelpActivity: java.lang.String REQUESTED_PAGE_KEY
edu.sfsu.cs.orange.ocr.HelpActivity: java.lang.String DEFAULT_PAGE
edu.sfsu.cs.orange.ocr.HelpActivity: java.lang.String ABOUT_PAGE
edu.sfsu.cs.orange.ocr.HelpActivity: java.lang.String TERMS_PAGE
edu.sfsu.cs.orange.ocr.HelpActivity: java.lang.String WHATS_NEW_PAGE
edu.sfsu.cs.orange.ocr.HelpActivity: HelpActivity()
edu.sfsu.cs.orange.ocr.HelpActivity: void onCreate(android.os.Bundle)
edu.sfsu.cs.orange.ocr.HelpActivity: void onSaveInstanceState(android.os.Bundle)
edu.sfsu.cs.orange.ocr.HelpActivity: boolean onKeyDown(int,android.view.KeyEvent)
edu.sfsu.cs.orange.ocr.LuminanceSource
edu.sfsu.cs.orange.ocr.LuminanceSource: LuminanceSource(int,int)
edu.sfsu.cs.orange.ocr.LuminanceSource: byte[] getRow(int,byte[])
edu.sfsu.cs.orange.ocr.LuminanceSource: byte[] getMatrix()
edu.sfsu.cs.orange.ocr.LuminanceSource: int getWidth()
edu.sfsu.cs.orange.ocr.LuminanceSource: int getHeight()
edu.sfsu.cs.orange.ocr.LuminanceSource: boolean isCropSupported()
edu.sfsu.cs.orange.ocr.LuminanceSource: edu.sfsu.cs.orange.ocr.LuminanceSource crop(int,int,int,int)
edu.sfsu.cs.orange.ocr.LuminanceSource: boolean isRotateSupported()
edu.sfsu.cs.orange.ocr.LuminanceSource: edu.sfsu.cs.orange.ocr.LuminanceSource rotateCounterClockwise()
...
org.json.simple.JSONObject
org.json.simple.JSONObject: long serialVersionUID
org.json.simple.JSONObject: JSONObject()
org.json.simple.JSONObject: void writeJSONString(java.util.Map,java.io.Writer)
org.json.simple.JSONObject: void writeJSONString(java.io.Writer)
org.json.simple.JSONObject: java.lang.String toJSONString(java.util.Map)
org.json.simple.JSONObject: java.lang.String toJSONString()
org.json.simple.JSONObject: java.lang.String toString()
org.json.simple.JSONObject: java.lang.String toString(java.lang.String,java.lang.Object)
org.json.simple.JSONObject: java.lang.String escape(java.lang.String)
org.json.simple.JSONStreamAware
org.json.simple.JSONStreamAware: void writeJSONString(java.io.Writer)
org.json.simple.JSONValue
org.json.simple.JSONValue: JSONValue()
org.json.simple.JSONValue: java.lang.Object parse(java.io.Reader)
org.json.simple.JSONValue: java.lang.Object parse(java.lang.String)
org.json.simple.JSONValue: java.lang.Object parseWithException(java.io.Reader)
org.json.simple.JSONValue: java.lang.Object parseWithException(java.lang.String)
org.json.simple.JSONValue: void writeJSONString(java.lang.Object,java.io.Writer)
org.json.simple.JSONValue: java.lang.String toJSONString(java.lang.Object)
org.json.simple.JSONValue: java.lang.String escape(java.lang.String)
org.json.simple.parser.ContainerFactory
org.json.simple.parser.ContainerFactory: java.util.Map createObjectContainer()
org.json.simple.parser.ContainerFactory: java.util.List creatArrayContainer()
org.json.simple.parser.ContentHandler
org.json.simple.parser.ContentHandler: void startJSON()
org.json.simple.parser.ContentHandler: void endJSON()
org.json.simple.parser.ContentHandler: boolean startObject()
org.json.simple.parser.ContentHandler: boolean endObject()
org.json.simple.parser.ContentHandler: boolean startObjectEntry(java.lang.String)
org.json.simple.parser.ContentHandler: boolean endObjectEntry()
org.json.simple.parser.ContentHandler: boolean startArray()
org.json.simple.parser.ContentHandler: boolean endArray()
org.json.simple.parser.ContentHandler: boolean primitive(java.lang.Object)
org.json.simple.parser.JSONParser
org.json.simple.parser.JSONParser: int S_INIT
org.json.simple.parser.JSONParser: int S_IN_FINISHED_VALUE
org.json.simple.parser.JSONParser: int S_IN_OBJECT
org.json.simple.parser.JSONParser: int S_IN_ARRAY
org.json.simple.parser.JSONParser: int S_PASSED_PAIR_KEY
org.json.simple.parser.JSONParser: int S_IN_PAIR_VALUE
org.json.simple.parser.JSONParser: int S_END
org.json.simple.parser.JSONParser: int S_IN_ERROR
org.json.simple.parser.JSONParser: JSONParser()
org.json.simple.parser.JSONParser: void reset()
org.json.simple.parser.JSONParser: void reset(java.io.Reader)
org.json.simple.parser.JSONParser: int getPosition()
org.json.simple.parser.JSONParser: java.lang.Object parse(java.lang.String)
org.json.simple.parser.JSONParser: java.lang.Object parse(java.lang.String,org.json.simple.parser.ContainerFactory)
org.json.simple.parser.JSONParser: java.lang.Object parse(java.io.Reader)
org.json.simple.parser.JSONParser: java.lang.Object parse(java.io.Reader,org.json.simple.parser.ContainerFactory)
org.json.simple.parser.JSONParser: void parse(java.lang.String,org.json.simple.parser.ContentHandler)
org.json.simple.parser.JSONParser: void parse(java.lang.String,org.json.simple.parser.ContentHandler,boolean)
org.json.simple.parser.JSONParser: void parse(java.io.Reader,org.json.simple.parser.ContentHandler)
org.json.simple.parser.JSONParser: void parse(java.io.Reader,org.json.simple.parser.ContentHandler,boolean)